<?xml version="1.0" encoding="UTF-8"?>
<testng-results ignored="0" total="1" passed="1" failed="0" skipped="0">
  <reporter-output>
  </reporter-output>
  <suite started-at="2024-12-11T12:30:34 IST" name="Default suite" finished-at="2024-12-11T12:32:20 IST" duration-ms="106632">
    <groups>
    </groups>
    <test started-at="2024-12-11T12:30:34 IST" name="Default test" finished-at="2024-12-11T12:32:20 IST" duration-ms="106632">
      <class name="com.test.Test_Url">
        <test-method signature="launch()[pri:0, instance:com.test.Test_Url@202b0582]" started-at="2024-12-11T12:30:34 IST" name="launch" finished-at="2024-12-11T12:32:20 IST" duration-ms="106455" status="PASS">
          <reporter-output>
          </reporter-output>
        </test-method> <!-- launch -->
      </class> <!-- com.test.Test_Url -->
    </test> <!-- Default test -->
  </suite> <!-- Default suite -->
</testng-results>
